Added Component: Designator=C1(CAPC0805(2012)145_N)
Added Component: Designator=C2(CAPC0805(2012)145_N)
Added Component: Designator=P1(SMTC-TSW-102-26-XX-S)
Added Component: Designator=Q1(ONSC-TO-92-3-29-11)
Added Component: Designator=Q2(ONSC-TO-92-3-29-11)
Added Component: Designator=R1(RESC0805(2012)_L)
Added Component: Designator=R2(RESC0805(2012)_N)
Added Component: Designator=R3(RESC0805(2012)_N)
Added Component: Designator=R4(RESC0805(2012)_L)
Added Pin To Net: NetName=12V Pin=P1-1
Added Pin To Net: NetName=12V Pin=R1-2
Added Pin To Net: NetName=12V Pin=R2-2
Added Pin To Net: NetName=12V Pin=R3-2
Added Pin To Net: NetName=12V Pin=R4-2
Added Net: Name=12V
Added Pin To Net: NetName=GND Pin=P1-2
Added Pin To Net: NetName=GND Pin=Q1-3
Added Pin To Net: NetName=GND Pin=Q2-3
Added Net: Name=GND
Added Pin To Net: NetName=NetC1_1 Pin=C1-1
Added Pin To Net: NetName=NetC1_1 Pin=Q1-2
Added Pin To Net: NetName=NetC1_1 Pin=R1-1
Added Net: Name=NetC1_1
Added Pin To Net: NetName=NetC1_2 Pin=C1-2
Added Pin To Net: NetName=NetC1_2 Pin=Q2-1
Added Pin To Net: NetName=NetC1_2 Pin=R4-1
Added Net: Name=NetC1_2
Added Pin To Net: NetName=NetC2_1 Pin=C2-1
Added Pin To Net: NetName=NetC2_1 Pin=Q1-1
Added Pin To Net: NetName=NetC2_1 Pin=R3-1
Added Net: Name=NetC2_1
Added Pin To Net: NetName=NetC2_2 Pin=C2-2
Added Pin To Net: NetName=NetC2_2 Pin=Q2-2
Added Pin To Net: NetName=NetC2_2 Pin=R2-1
Added Net: Name=NetC2_2
Added Class: Name=Multivibrator
Added Room: Name=Multivibrator
